<?xml version="1.0" encoding="UTF-8"?>
<!-- Generated by org.testng.reporters.JUnitXMLReporter -->
<testsuite hostname="BNGLT-89KVRF2" ignored="0" name="STP Test Cases in Maven" tests="12" failures="0" timestamp="21 Jan 2019 09:18:55 GMT" time="681.548" errors="0">
  <testcase name="verifyHelpPopupTest" time="16.894" classname="com.qa.testcases.HomePageTest"/>
  <testcase name="verifyHomeIconTest" time="0.066" classname="com.qa.testcases.HomePageTest"/>
  <testcase name="verifyListTabTest" time="0.068" classname="com.qa.testcases.HomePageTest"/>
  <testcase name="verifyNetworkTabTest" time="0.072" classname="com.qa.testcases.HomePageTest"/>
  <testcase name="verifyConnectionTabTest" time="0.056" classname="com.qa.testcases.HomePageTest"/>
  <testcase name="verifySuccessStoriesIConTest" time="0.058" classname="com.qa.testcases.HomePageTest"/>
  <testcase name="verifySTPToolIconTest" time="0.051" classname="com.qa.testcases.HomePageTest"/>
  <testcase name="HelpTextValidation" time="51.865" classname="com.qa.testcases.STPTesting"/>
  <testcase name="MandatoryFieldValidation" time="60.179" classname="com.qa.testcases.STPTesting"/>
  <testcase name="AllFieldValidation" time="102.579" classname="com.qa.testcases.STPTesting"/>
  <testcase name="SearchSTPTest" time="33.298" classname="com.qa.testcases.ListPageTest"/>
  <testcase name="categoryValidation" time="384.709" classname="com.qa.testcases.ListPageTest"/>
</testsuite> <!-- STP Test Cases in Maven -->
