<?xml version="1.0" encoding="UTF-8"?>
<!-- Generated by org.testng.reporters.JUnitXMLReporter -->
<testsuite hostname="BNGLT-9V9P882" ignored="0" name="STP Test Cases in Maven" tests="2" failures="0" timestamp="07 Jan 2019 12:44:00 GMT" time="22.062" errors="0">
  <testcase name="verifyHomeIconTest" time="10.382" classname="com.qa.testcases.HomePageTest"/>
  <testcase name="verifyListTabTest" time="0.497" classname="com.qa.testcases.HomePageTest"/>
</testsuite> <!-- STP Test Cases in Maven -->
