<?xml version="1.0" encoding="UTF-8"?>
<!-- Generated by org.testng.reporters.JUnitXMLReporter -->
<testsuite hostname="BNGLT-9V9P882" ignored="0" name="STP Test Cases in Maven" tests="3" failures="0" timestamp="22 Jan 2019 12:24:14 GMT" time="73.875" errors="0">
  <testcase name="verifyHelpPopupTest" time="3.15" classname="com.qa.testcases.HomePageTest"/>
  <testcase name="SearchSTPTest" time="33.141" classname="com.qa.testcases.ListPageTest"/>
  <testcase name="verifyHomeIconTest" time="0.128" classname="com.qa.testcases.HomePageTest"/>
</testsuite> <!-- STP Test Cases in Maven -->
