<?xml version="1.0" encoding="UTF-8"?>
<!-- Generated by org.testng.reporters.JUnitXMLReporter -->
<testsuite hostname="BNGLT-9V9P882" ignored="0" name="Default test" tests="3" failures="0" timestamp="22 Jan 2019 12:58:19 GMT" time="344.872" errors="0">
  <testcase name="HelpTextValidation" time="53.275" classname="com.qa.testcases.STPTesting"/>
  <testcase name="MandatoryFieldValidation" time="46.885" classname="com.qa.testcases.STPTesting"/>
  <testcase name="AllFieldValidation" time="229.055" classname="com.qa.testcases.STPTesting"/>
</testsuite> <!-- Default test -->
