<?xml version="1.0" encoding="UTF-8"?>
<!-- Generated by org.testng.reporters.JUnitXMLReporter -->
<testsuite hostname="BNGLT-9V9P882" ignored="0" name="Default test" tests="6" failures="0" timestamp="11 Jan 2019 12:26:00 GMT" time="31.558" errors="0">
  <testcase name="HelpPoupTest" time="10.747" classname="com.qa.testcases.PostButtonTest"/>
  <testcase name="AddPostTest" time="0.673" classname="com.qa.testcases.PostButtonTest"/>
  <testcase name="verifyPostPageTest" time="0.004" classname="com.qa.testcases.PostButtonTest"/>
  <testcase name="verifyPostbuttonClickAfterSuccessStories" time="0.002" classname="com.qa.testcases.PostButtonTest"/>
  <testcase name="verifySTPToolStory" time="4.15" classname="com.qa.testcases.PostButtonTest"/>
  <testcase name="verifySTPToolIcon" time="0.458" classname="com.qa.testcases.PostButtonTest"/>
</testsuite> <!-- Default test -->
