<?xml version="1.0" encoding="UTF-8"?>
<testng-results skipped="0" failed="0" ignored="0" total="8" passed="8">
  <reporter-output>
  </reporter-output>
  <suite name="Default suite" duration-ms="23700" started-at="2019-01-21T10:00:51Z" finished-at="2019-01-21T10:01:14Z">
    <groups>
    </groups>
    <test name="Default test" duration-ms="23700" started-at="2019-01-21T10:00:51Z" finished-at="2019-01-21T10:01:14Z">
      <class name="com.qa.testcases.HomePageTest">
        <test-method status="PASS" signature="setUp()[pri:0, instance:com.qa.testcases.HomePageTest@239963d8]" name="setUp" is-config="true" duration-ms="8823" started-at="2019-01-21T10:00:51Z" finished-at="2019-01-21T10:01:00Z">
          <reporter-output>
          </reporter-output>
        </test-method> <!-- setUp -->
        <test-method status="PASS" signature="verifyHelpPopupTest()[pri:1, instance:com.qa.testcases.HomePageTest@239963d8]" name="verifyHelpPopupTest" duration-ms="12130" started-at="2019-01-21T10:01:00Z" finished-at="2019-01-21T10:01:12Z">
          <reporter-output>
          </reporter-output>
        </test-method> <!-- verifyHelpPopupTest -->
        <test-method status="PASS" signature="verifyHomeIconTest()[pri:2, instance:com.qa.testcases.HomePageTest@239963d8]" name="verifyHomeIconTest" duration-ms="49" started-at="2019-01-21T10:01:12Z" finished-at="2019-01-21T10:01:12Z">
          <reporter-output>
          </reporter-output>
        </test-method> <!-- verifyHomeIconTest -->
        <test-method status="PASS" signature="verifyListTabTest()[pri:3, instance:com.qa.testcases.HomePageTest@239963d8]" name="verifyListTabTest" duration-ms="42" started-at="2019-01-21T10:01:12Z" finished-at="2019-01-21T10:01:12Z">
          <reporter-output>
          </reporter-output>
        </test-method> <!-- verifyListTabTest -->
        <test-method status="PASS" signature="verifyNetworkTabTest()[pri:4, instance:com.qa.testcases.HomePageTest@239963d8]" name="verifyNetworkTabTest" duration-ms="37" started-at="2019-01-21T10:01:12Z" finished-at="2019-01-21T10:01:12Z">
          <reporter-output>
          </reporter-output>
        </test-method> <!-- verifyNetworkTabTest -->
        <test-method status="PASS" signature="verifyConnectionTabTest()[pri:5, instance:com.qa.testcases.HomePageTest@239963d8]" name="verifyConnectionTabTest" duration-ms="39" started-at="2019-01-21T10:01:12Z" finished-at="2019-01-21T10:01:12Z">
          <reporter-output>
          </reporter-output>
        </test-method> <!-- verifyConnectionTabTest -->
        <test-method status="PASS" signature="verifySuccessStoriesIConTest()[pri:6, instance:com.qa.testcases.HomePageTest@239963d8]" name="verifySuccessStoriesIConTest" duration-ms="64" started-at="2019-01-21T10:01:12Z" finished-at="2019-01-21T10:01:12Z">
          <reporter-output>
          </reporter-output>
        </test-method> <!-- verifySuccessStoriesIConTest -->
        <test-method status="PASS" signature="verifySTPToolIconTest()[pri:7, instance:com.qa.testcases.HomePageTest@239963d8]" name="verifySTPToolIconTest" duration-ms="45" started-at="2019-01-21T10:01:12Z" finished-at="2019-01-21T10:01:12Z">
          <reporter-output>
          </reporter-output>
        </test-method> <!-- verifySTPToolIconTest -->
        <test-method status="PASS" signature="VerifyHelpMark()[pri:8, instance:com.qa.testcases.HomePageTest@239963d8]" name="VerifyHelpMark" duration-ms="1821" started-at="2019-01-21T10:01:12Z" finished-at="2019-01-21T10:01:14Z">
          <reporter-output>
          </reporter-output>
        </test-method> <!-- VerifyHelpMark -->
        <test-method status="PASS" signature="TearDown()[pri:0, instance:com.qa.testcases.HomePageTest@239963d8]" name="TearDown" is-config="true" duration-ms="605" started-at="2019-01-21T10:01:14Z" finished-at="2019-01-21T10:01:14Z">
          <reporter-output>
          </reporter-output>
        </test-method> <!-- TearDown -->
      </class> <!-- com.qa.testcases.HomePageTest -->
    </test> <!-- Default test -->
  </suite> <!-- Default suite -->
</testng-results>
