<?xml version="1.0" encoding="UTF-8"?>
<testng-results skipped="0" failed="0" ignored="0" total="1" passed="1">
  <reporter-output>
  </reporter-output>
  <suite name="Default suite" duration-ms="194465" started-at="2019-01-22T09:50:18Z" finished-at="2019-01-22T09:53:33Z">
    <groups>
    </groups>
    <test name="Default test" duration-ms="194465" started-at="2019-01-22T09:50:18Z" finished-at="2019-01-22T09:53:33Z">
      <class name="com.qa.testcases.STPTesting">
        <test-method status="PASS" signature="setup()[pri:0, instance:com.qa.testcases.STPTesting@589838eb]" name="setup" is-config="true" duration-ms="9979" started-at="2019-01-22T09:50:18Z" finished-at="2019-01-22T09:50:28Z">
          <reporter-output>
          </reporter-output>
        </test-method> <!-- setup -->
        <test-method status="PASS" signature="startBrowser()[pri:0, instance:com.qa.testcases.STPTesting@589838eb]" name="startBrowser" is-config="true" duration-ms="0" started-at="2019-01-22T09:50:28Z" finished-at="2019-01-22T09:50:28Z">
          <reporter-output>
          </reporter-output>
        </test-method> <!-- startBrowser -->
        <test-method status="PASS" signature="AllFieldValidation()[pri:10, instance:com.qa.testcases.STPTesting@589838eb]" name="AllFieldValidation" duration-ms="183293" started-at="2019-01-22T09:50:28Z" finished-at="2019-01-22T09:53:31Z">
          <reporter-output>
          </reporter-output>
        </test-method> <!-- AllFieldValidation -->
        <test-method status="PASS" signature="closeBrowser()[pri:0, instance:com.qa.testcases.STPTesting@589838eb]" name="closeBrowser" is-config="true" duration-ms="0" started-at="2019-01-22T09:53:31Z" finished-at="2019-01-22T09:53:31Z">
          <reporter-output>
          </reporter-output>
        </test-method> <!-- closeBrowser -->
        <test-method status="PASS" signature="closeReporter()[pri:0, instance:com.qa.testcases.STPTesting@589838eb]" name="closeReporter" is-config="true" duration-ms="1146" started-at="2019-01-22T09:53:31Z" finished-at="2019-01-22T09:53:33Z">
          <reporter-output>
          </reporter-output>
        </test-method> <!-- closeReporter -->
      </class> <!-- com.qa.testcases.STPTesting -->
    </test> <!-- Default test -->
  </suite> <!-- Default suite -->
</testng-results>
