<?xml version="1.0" encoding="UTF-8"?>
<testng-results skipped="0" failed="1" ignored="0" total="4" passed="3">
  <reporter-output>
  </reporter-output>
  <suite name="Test STPNew Maven_Suite" duration-ms="78100" started-at="2019-01-09T13:12:08Z" finished-at="2019-01-09T13:13:26Z">
    <groups>
    </groups>
    <test name="STP Test Cases in Maven" duration-ms="78100" started-at="2019-01-09T13:12:08Z" finished-at="2019-01-09T13:13:26Z">
      <class name="com.qa.testcases.PostButtonTest">
        <test-method status="PASS" signature="setUp()[pri:0, instance:com.qa.testcases.PostButtonTest@42dafa95]" name="setUp" is-config="true" duration-ms="24652" started-at="2019-01-09T13:12:08Z" finished-at="2019-01-09T13:12:32Z">
          <reporter-output>
          </reporter-output>
        </test-method> <!-- setUp -->
        <test-method status="FAIL" signature="AddPostTest()[pri:1, instance:com.qa.testcases.PostButtonTest@42dafa95]" name="AddPostTest" duration-ms="10823" started-at="2019-01-09T13:12:32Z" finished-at="2019-01-09T13:12:43Z">
          <exception class="org.openqa.selenium.WebDriverException">
            <message>
              <![CDATA[unknown error: Element <button class="btn btn-highlight ml-0">...</button> is not clickable at point (931, 205). Other element would receive the click: <div class="modal-backdrop fade show" style="position: absolute; overflow: hidden; opacity: 0.3;"></div>
  (Session info: chrome=71.0.3578.98)
  (Driver info: chromedriver=2.44.609538 (b655c5a60b0b544917107a59d4153d4bf78e1b90),platform=Windows NT 10.0.14393 x86_64) (WARNING: The server did not provide any stacktrace information)
Command duration or timeout: 0 milliseconds
Build info: version: '3.14.0', revision: 'aacccce0', time: '2018-08-02T20:19:58.91Z'
System info: host: 'BNGLT-89KVRF2', ip: '10.68.109.179', os.name: 'Windows 10', os.arch: 'amd64', os.version: '10.0', java.version: '1.8.0_121'
Driver info: org.openqa.selenium.chrome.ChromeDriver
Capabilities {acceptInsecureCerts: false, acceptSslCerts: false, applicationCacheEnabled: false, browserConnectionEnabled: false, browserName: chrome, chrome: {chromedriverVersion: 2.44.609538 (b655c5a60b0b54..., userDataDir: C:\Users\ukumar1\AppData\Lo...}, cssSelectorsEnabled: true, databaseEnabled: false, goog:chromeOptions: {debuggerAddress: localhost:59991}, handlesAlerts: true, hasTouchScreen: false, javascriptEnabled: true, locationContextEnabled: true, mobileEmulationEnabled: false, nativeEvents: true, networkConnectionEnabled: false, pageLoadStrategy: normal, platform: XP, platformName: XP, rotatable: false, setWindowRect: true, takesHeapSnapshot: true, takesScreenshot: true, unexpectedAlertBehaviour: ignore, unhandledPromptBehavior: ignore, version: 71.0.3578.98, webStorageEnabled: true}
Session ID: aa54422359a0d7df3dd688c1b04982f1]]>
            </message>
            <full-stacktrace>
              <![CDATA[org.openqa.selenium.WebDriverException: unknown error: Element <button class="btn btn-highlight ml-0">...</button> is not clickable at point (931, 205). Other element would receive the click: <div class="modal-backdrop fade show" style="position: absolute; overflow: hidden; opacity: 0.3;"></div>
  (Session info: chrome=71.0.3578.98)
  (Driver info: chromedriver=2.44.609538 (b655c5a60b0b544917107a59d4153d4bf78e1b90),platform=Windows NT 10.0.14393 x86_64) (WARNING: The server did not provide any stacktrace information)
Command duration or timeout: 0 milliseconds
Build info: version: '3.14.0', revision: 'aacccce0', time: '2018-08-02T20:19:58.91Z'
System info: host: 'BNGLT-89KVRF2', ip: '10.68.109.179', os.name: 'Windows 10', os.arch: 'amd64', os.version: '10.0', java.version: '1.8.0_121'
Driver info: org.openqa.selenium.chrome.ChromeDriver
Capabilities {acceptInsecureCerts: false, acceptSslCerts: false, applicationCacheEnabled: false, browserConnectionEnabled: false, browserName: chrome, chrome: {chromedriverVersion: 2.44.609538 (b655c5a60b0b54..., userDataDir: C:\Users\ukumar1\AppData\Lo...}, cssSelectorsEnabled: true, databaseEnabled: false, goog:chromeOptions: {debuggerAddress: localhost:59991}, handlesAlerts: true, hasTouchScreen: false, javascriptEnabled: true, locationContextEnabled: true, mobileEmulationEnabled: false, nativeEvents: true, networkConnectionEnabled: false, pageLoadStrategy: normal, platform: XP, platformName: XP, rotatable: false, setWindowRect: true, takesHeapSnapshot: true, takesScreenshot: true, unexpectedAlertBehaviour: ignore, unhandledPromptBehavior: ignore, version: 71.0.3578.98, webStorageEnabled: true}
Session ID: aa54422359a0d7df3dd688c1b04982f1
at sun.reflect.NativeConstructorAccessorImpl.newInstance0(Native Method)
at sun.reflect.NativeConstructorAccessorImpl.newInstance(Unknown Source)
at sun.reflect.DelegatingConstructorAccessorImpl.newInstance(Unknown Source)
at java.lang.reflect.Constructor.newInstance(Unknown Source)
at org.openqa.selenium.remote.ErrorHandler.createThrowable(ErrorHandler.java:214)
at org.openqa.selenium.remote.ErrorHandler.throwIfResponseFailed(ErrorHandler.java:166)
at org.openqa.selenium.remote.http.JsonHttpResponseCodec.reconstructValue(JsonHttpResponseCodec.java:40)
at org.openqa.selenium.remote.http.AbstractHttpResponseCodec.decode(AbstractHttpResponseCodec.java:80)
at org.openqa.selenium.remote.http.AbstractHttpResponseCodec.decode(AbstractHttpResponseCodec.java:44)
at org.openqa.selenium.remote.HttpCommandExecutor.execute(HttpCommandExecutor.java:158)
at org.openqa.selenium.remote.service.DriverCommandExecutor.execute(DriverCommandExecutor.java:83)
at org.openqa.selenium.remote.RemoteWebDriver.execute(RemoteWebDriver.java:548)
at org.openqa.selenium.remote.RemoteWebElement.execute(RemoteWebElement.java:276)
at org.openqa.selenium.remote.RemoteWebElement.click(RemoteWebElement.java:83)
at sun.reflect.NativeMethodAccessorImpl.invoke0(Native Method)
at sun.reflect.NativeMethodAccessorImpl.invoke(Unknown Source)
at sun.reflect.DelegatingMethodAccessorImpl.invoke(Unknown Source)
at java.lang.reflect.Method.invoke(Unknown Source)
at org.openqa.selenium.support.events.EventFiringWebDriver$EventFiringWebElement.lambda$new$0(EventFiringWebDriver.java:403)
at com.sun.proxy.$Proxy11.click(Unknown Source)
at org.openqa.selenium.support.events.EventFiringWebDriver$EventFiringWebElement.click(EventFiringWebDriver.java:416)
at sun.reflect.NativeMethodAccessorImpl.invoke0(Native Method)
at sun.reflect.NativeMethodAccessorImpl.invoke(Unknown Source)
at sun.reflect.DelegatingMethodAccessorImpl.invoke(Unknown Source)
at java.lang.reflect.Method.invoke(Unknown Source)
at org.openqa.selenium.support.pagefactory.internal.LocatingElementHandler.invoke(LocatingElementHandler.java:51)
at com.sun.proxy.$Proxy10.click(Unknown Source)
at com.qa.pages.HomePage.ClickOnPostButton(HomePage.java:53)
at com.qa.testcases.PostButtonTest.AddPostTest(PostButtonTest.java:37)
at sun.reflect.NativeMethodAccessorImpl.invoke0(Native Method)
at sun.reflect.NativeMethodAccessorImpl.invoke(Unknown Source)
at sun.reflect.DelegatingMethodAccessorImpl.invoke(Unknown Source)
at java.lang.reflect.Method.invoke(Unknown Source)
at org.testng.internal.MethodInvocationHelper.invokeMethod(MethodInvocationHelper.java:124)
at org.testng.internal.Invoker.invokeMethod(Invoker.java:580)
at org.testng.internal.Invoker.invokeTestMethod(Invoker.java:716)
at org.testng.internal.Invoker.invokeTestMethods(Invoker.java:988)
at org.testng.internal.TestMethodWorker.invokeTestMethods(TestMethodWorker.java:125)
at org.testng.internal.TestMethodWorker.run(TestMethodWorker.java:109)
at org.testng.TestRunner.privateRun(TestRunner.java:648)
at org.testng.TestRunner.run(TestRunner.java:505)
at org.testng.SuiteRunner.runTest(SuiteRunner.java:455)
at org.testng.SuiteRunner.runSequentially(SuiteRunner.java:450)
at org.testng.SuiteRunner.privateRun(SuiteRunner.java:415)
at org.testng.SuiteRunner.run(SuiteRunner.java:364)
at org.testng.SuiteRunnerWorker.runSuite(SuiteRunnerWorker.java:52)
at org.testng.SuiteRunnerWorker.run(SuiteRunnerWorker.java:84)
at org.testng.TestNG.runSuitesSequentially(TestNG.java:1208)
at org.testng.TestNG.runSuitesLocally(TestNG.java:1137)
at org.testng.TestNG.runSuites(TestNG.java:1049)
at org.testng.TestNG.run(TestNG.java:1017)
at org.testng.remote.AbstractRemoteTestNG.run(AbstractRemoteTestNG.java:114)
at org.testng.remote.RemoteTestNG.initAndRun(RemoteTestNG.java:251)
at org.testng.remote.RemoteTestNG.main(RemoteTestNG.java:77)
]]>
            </full-stacktrace>
          </exception> <!-- org.openqa.selenium.WebDriverException -->
          <reporter-output>
          </reporter-output>
        </test-method> <!-- AddPostTest -->
        <test-method status="PASS" signature="verifyPostPageTest()[pri:2, instance:com.qa.testcases.PostButtonTest@42dafa95]" name="verifyPostPageTest" duration-ms="40070" started-at="2019-01-09T13:12:43Z" finished-at="2019-01-09T13:13:23Z">
          <reporter-output>
          </reporter-output>
        </test-method> <!-- verifyPostPageTest -->
        <test-method status="PASS" signature="verifyPostbuttonClickAfterSuccessStories()[pri:3, instance:com.qa.testcases.PostButtonTest@42dafa95]" name="verifyPostbuttonClickAfterSuccessStories" duration-ms="196" started-at="2019-01-09T13:13:23Z" finished-at="2019-01-09T13:13:24Z">
          <reporter-output>
          </reporter-output>
        </test-method> <!-- verifyPostbuttonClickAfterSuccessStories -->
        <test-method status="PASS" signature="verifySTPToolStory()[pri:4, instance:com.qa.testcases.PostButtonTest@42dafa95]" name="verifySTPToolStory" duration-ms="2285" started-at="2019-01-09T13:13:24Z" finished-at="2019-01-09T13:13:26Z">
          <reporter-output>
          </reporter-output>
        </test-method> <!-- verifySTPToolStory -->
      </class> <!-- com.qa.testcases.PostButtonTest -->
    </test> <!-- STP Test Cases in Maven -->
  </suite> <!-- Test STPNew Maven_Suite -->
</testng-results>
