<?xml version="1.0" encoding="UTF-8"?>
<testng-results skipped="0" failed="0" ignored="0" total="6" passed="6">
  <reporter-output>
  </reporter-output>
  <suite name="Default suite" duration-ms="31558" started-at="2019-01-11T12:25:28Z" finished-at="2019-01-11T12:26:00Z">
    <groups>
    </groups>
    <test name="Default test" duration-ms="31558" started-at="2019-01-11T12:25:28Z" finished-at="2019-01-11T12:26:00Z">
      <class name="com.qa.testcases.PostButtonTest">
        <test-method status="PASS" signature="setUp()[pri:0, instance:com.qa.testcases.PostButtonTest@6eebc39e]" name="setUp" is-config="true" duration-ms="15428" started-at="2019-01-11T12:25:28Z" finished-at="2019-01-11T12:25:44Z">
          <reporter-output>
          </reporter-output>
        </test-method> <!-- setUp -->
        <test-method status="PASS" signature="HelpPoupTest()[pri:1, instance:com.qa.testcases.PostButtonTest@6eebc39e]" name="HelpPoupTest" duration-ms="10747" started-at="2019-01-11T12:25:44Z" finished-at="2019-01-11T12:25:55Z">
          <reporter-output>
          </reporter-output>
        </test-method> <!-- HelpPoupTest -->
        <test-method status="PASS" signature="AddPostTest()[pri:2, instance:com.qa.testcases.PostButtonTest@6eebc39e]" name="AddPostTest" duration-ms="673" started-at="2019-01-11T12:25:55Z" finished-at="2019-01-11T12:25:55Z">
          <reporter-output>
          </reporter-output>
        </test-method> <!-- AddPostTest -->
        <test-method status="PASS" signature="verifyPostPageTest()[pri:3, instance:com.qa.testcases.PostButtonTest@6eebc39e]" name="verifyPostPageTest" duration-ms="4" started-at="2019-01-11T12:25:55Z" finished-at="2019-01-11T12:25:55Z">
          <reporter-output>
          </reporter-output>
        </test-method> <!-- verifyPostPageTest -->
        <test-method status="PASS" signature="verifyPostbuttonClickAfterSuccessStories()[pri:4, instance:com.qa.testcases.PostButtonTest@6eebc39e]" name="verifyPostbuttonClickAfterSuccessStories" duration-ms="2" started-at="2019-01-11T12:25:55Z" finished-at="2019-01-11T12:25:55Z">
          <reporter-output>
          </reporter-output>
        </test-method> <!-- verifyPostbuttonClickAfterSuccessStories -->
        <test-method status="PASS" signature="verifySTPToolStory()[pri:5, instance:com.qa.testcases.PostButtonTest@6eebc39e]" name="verifySTPToolStory" duration-ms="4150" started-at="2019-01-11T12:25:55Z" finished-at="2019-01-11T12:26:00Z">
          <reporter-output>
          </reporter-output>
        </test-method> <!-- verifySTPToolStory -->
        <test-method status="PASS" signature="verifySTPToolIcon()[pri:6, instance:com.qa.testcases.PostButtonTest@6eebc39e]" name="verifySTPToolIcon" duration-ms="458" started-at="2019-01-11T12:26:00Z" finished-at="2019-01-11T12:26:00Z">
          <reporter-output>
          </reporter-output>
        </test-method> <!-- verifySTPToolIcon -->
      </class> <!-- com.qa.testcases.PostButtonTest -->
    </test> <!-- Default test -->
  </suite> <!-- Default suite -->
</testng-results>
