<?xml version="1.0" encoding="UTF-8"?>
<testng-results skipped="0" failed="0" ignored="0" total="2" passed="2">
  <reporter-output>
  </reporter-output>
  <suite name="Default suite" duration-ms="18703" started-at="2018-12-26T12:00:35Z" finished-at="2018-12-26T12:00:54Z">
    <groups>
    </groups>
    <test name="Default test" duration-ms="18703" started-at="2018-12-26T12:00:35Z" finished-at="2018-12-26T12:00:54Z">
      <class name="com.qa.testcases.HomePageTest">
        <test-method status="PASS" signature="setUp()[pri:0, instance:com.qa.testcases.HomePageTest@271053e1]" name="setUp" is-config="true" duration-ms="8718" started-at="2018-12-26T12:00:35Z" finished-at="2018-12-26T12:00:44Z">
          <reporter-output>
          </reporter-output>
        </test-method> <!-- setUp -->
        <test-method status="PASS" signature="verifyHomeIconTest()[pri:0, instance:com.qa.testcases.HomePageTest@271053e1]" name="verifyHomeIconTest" duration-ms="9501" started-at="2018-12-26T12:00:44Z" finished-at="2018-12-26T12:00:53Z">
          <reporter-output>
          </reporter-output>
        </test-method> <!-- verifyHomeIconTest -->
        <test-method status="PASS" signature="verifyListTabTest()[pri:2, instance:com.qa.testcases.HomePageTest@271053e1]" name="verifyListTabTest" duration-ms="414" started-at="2018-12-26T12:00:53Z" finished-at="2018-12-26T12:00:54Z">
          <reporter-output>
          </reporter-output>
        </test-method> <!-- verifyListTabTest -->
      </class> <!-- com.qa.testcases.HomePageTest -->
    </test> <!-- Default test -->
  </suite> <!-- Default suite -->
</testng-results>
