<?xml version="1.0" encoding="UTF-8"?>
<testng-results skipped="0" failed="1" ignored="0" total="2" passed="1">
  <reporter-output>
  </reporter-output>
 <suite name="Default suite" duration-ms="85748" started-at="2018-12-26T16:37:47Z" finished-at="2018-12-26T16:39:13Z">
    <groups>
    </groups>
    <test name="Default test" duration-ms="85748" started-at="2018-12-26T16:37:47Z" finished-at="2018-12-26T16:39:13Z">
      <class name="com.qa.testcases.PostButtonTest">
        <test-method status="PASS" signature="setUp()[pri:0, instance:com.qa.testcases.PostButtonTest@694abbdc]" name="setUp" is-config="true" duration-ms="20993" started-at="2018-12-26T16:37:47Z" finished-at="2018-12-26T16:38:08Z">
          <reporter-output>
          </reporter-output>
        </test-method> <!-- setUp -->
        <test-method status="PASS" signature="AddPostTest()[pri:1, instance:com.qa.testcases.PostButtonTest@694abbdc]" name="AddPostTest" duration-ms="51468" started-at="2018-12-26T16:38:08Z" finished-at="2018-12-26T16:39:00Z">
          <reporter-output>
          </reporter-output>
        </test-method> <!-- AddPostTest -->
        <test-method status="FAIL" signature="verifyPostPageTest()[pri:2, instance:com.qa.testcases.PostButtonTest@694abbdc]" name="verifyPostPageTest" duration-ms="13157" started-at="2018-12-26T16:39:00Z" finished-at="2018-12-26T16:39:13Z">
          <exception class="java.lang.NullPointerException">
            <full-stacktrace>
              <![CDATA[java.lang.NullPointerException
at com.qa.testcases.PostButtonTest.verifyPostPageTest(PostButtonTest.java:52)
at sun.reflect.NativeMethodAccessorImpl.invoke0(Native Method)
at sun.reflect.NativeMethodAccessorImpl.invoke(Unknown Source)
at sun.reflect.DelegatingMethodAccessorImpl.invoke(Unknown Source)
at java.lang.reflect.Method.invoke(Unknown Source)
at org.testng.internal.MethodInvocationHelper.invokeMethod(MethodInvocationHelper.java:124)
at org.testng.internal.Invoker.invokeMethod(Invoker.java:580)
at org.testng.internal.Invoker.invokeTestMethod(Invoker.java:716)
at org.testng.internal.Invoker.invokeTestMethods(Invoker.java:988)
at org.testng.internal.TestMethodWorker.invokeTestMethods(TestMethodWorker.java:125)
at org.testng.internal.TestMethodWorker.run(TestMethodWorker.java:109)
at org.testng.TestRunner.privateRun(TestRunner.java:648)
at org.testng.TestRunner.run(TestRunner.java:505)
at org.testng.SuiteRunner.runTest(SuiteRunner.java:455)
at org.testng.SuiteRunner.runSequentially(SuiteRunner.java:450)
at org.testng.SuiteRunner.privateRun(SuiteRunner.java:415)
at org.testng.SuiteRunner.run(SuiteRunner.java:364)
at org.testng.SuiteRunnerWorker.runSuite(SuiteRunnerWorker.java:52)
at org.testng.SuiteRunnerWorker.run(SuiteRunnerWorker.java:84)
at org.testng.TestNG.runSuitesSequentially(TestNG.java:1208)
at org.testng.TestNG.runSuitesLocally(TestNG.java:1137)
at org.testng.TestNG.runSuites(TestNG.java:1049)
at org.testng.TestNG.run(TestNG.java:1017)
at org.testng.remote.AbstractRemoteTestNG.run(AbstractRemoteTestNG.java:114)
at org.testng.remote.RemoteTestNG.initAndRun(RemoteTestNG.java:251)
at org.testng.remote.RemoteTestNG.main(RemoteTestNG.java:77)
]]>
            </full-stacktrace>
          </exception> <!-- java.lang.NullPointerException -->
          <reporter-output>
          </reporter-output>
        </test-method> <!-- verifyPostPageTest -->
      </class> <!-- com.qa.testcases.PostButtonTest -->
  <suite name="Default suite" duration-ms="178689" started-at="2018-12-26T15:06:46Z" finished-at="2018-12-26T15:09:45Z">
    <groups>
    </groups>
    <test name="Default test" duration-ms="178689" started-at="2018-12-26T15:06:46Z" finished-at="2018-12-26T15:09:45Z">
      <class name="com.qa.testcases.CreateSTPPagetest">
        <test-method status="PASS" signature="setup()[pri:0, instance:com.qa.testcases.CreateSTPPagetest@6500df86]" name="setup" is-config="true" duration-ms="8680" started-at="2018-12-26T15:06:46Z" finished-at="2018-12-26T15:06:55Z">
          <reporter-output>
          </reporter-output>
        </test-method> <!-- setup -->
        <test-method status="PASS" signature="HelpTextValidation()[pri:0, instance:com.qa.testcases.CreateSTPPagetest@6500df86]" name="HelpTextValidation" duration-ms="32295" started-at="2018-12-26T15:06:55Z" finished-at="2018-12-26T15:07:27Z">
          <reporter-output>
          </reporter-output>
        </test-method> <!-- HelpTextValidation -->
        <test-method status="PASS" signature="MandatoryFieldValidation()[pri:0, instance:com.qa.testcases.CreateSTPPagetest@6500df86]" name="MandatoryFieldValidation" duration-ms="137187" started-at="2018-12-26T15:07:27Z" finished-at="2018-12-26T15:09:44Z">
          <reporter-output>
          </reporter-output>
        </test-method> <!-- MandatoryFieldValidation -->
        <test-method status="PASS" signature="CloseBrowser()[pri:0, instance:com.qa.testcases.CreateSTPPagetest@6500df86]" name="CloseBrowser" is-config="true" duration-ms="488" started-at="2018-12-26T15:09:44Z" finished-at="2018-12-26T15:09:45Z">
          <reporter-output>
          </reporter-output>
        </test-method> <!-- CloseBrowser -->
      </class> <!-- com.qa.testcases.CreateSTPPagetest -->
    </test> <!-- Default test -->
  </suite> <!-- Default suite -->
</testng-results>
