<?xml version="1.0" encoding="UTF-8"?>
<testng-results skipped="0" failed="0" ignored="0" total="2" passed="2">
  <reporter-output>
  </reporter-output>
  <suite name="Default suite" duration-ms="52036" started-at="2019-01-30T12:46:07Z" finished-at="2019-01-30T12:46:59Z">
    <groups>
    </groups>
    <test name="Default test" duration-ms="52036" started-at="2019-01-30T12:46:07Z" finished-at="2019-01-30T12:46:59Z">
      <class name="com.qa.testcases.ListPageTest">
        <test-method status="PASS" signature="setup()[pri:0, instance:com.qa.testcases.ListPageTest@6500df86]" name="setup" is-config="true" duration-ms="11206" started-at="2019-01-30T12:46:07Z" finished-at="2019-01-30T12:46:18Z">
          <reporter-output>
          </reporter-output>
        </test-method> <!-- setup -->
        <test-method status="PASS" signature="SearchSTPTest()[pri:14, instance:com.qa.testcases.ListPageTest@6500df86]" name="SearchSTPTest" duration-ms="28166" started-at="2019-01-30T12:46:18Z" finished-at="2019-01-30T12:46:46Z">
          <reporter-output>
          </reporter-output>
        </test-method> <!-- SearchSTPTest -->
        <test-method status="PASS" signature="TearDown(org.testng.ITestResult)[pri:0, instance:com.qa.testcases.ListPageTest@6500df86]" name="TearDown" is-config="true" duration-ms="3" started-at="2019-01-30T12:46:46Z" finished-at="2019-01-30T12:46:46Z">
          <params>
            <param index="0">
              <value>
                <![CDATA[[TestResult name=SearchSTPTest status=SUCCESS method=ListPageTest.SearchSTPTest()[pri:14, instance:com.qa.testcases.ListPageTest@6500df86] output={null}]]]>
              </value>
            </param>
          </params>
          <reporter-output>
          </reporter-output>
        </test-method> <!-- TearDown -->
        <test-method status="PASS" signature="sharebutton()[pri:15, instance:com.qa.testcases.ListPageTest@6500df86]" name="sharebutton" duration-ms="11287" started-at="2019-01-30T12:46:46Z" finished-at="2019-01-30T12:46:58Z">
          <reporter-output>
          </reporter-output>
        </test-method> <!-- sharebutton -->
        <test-method status="PASS" signature="CloseConnection()[pri:0, instance:com.qa.testcases.ListPageTest@6500df86]" name="CloseConnection" is-config="true" duration-ms="1280" started-at="2019-01-30T12:46:58Z" finished-at="2019-01-30T12:46:59Z">
          <reporter-output>
          </reporter-output>
        </test-method> <!-- CloseConnection -->
        <test-method status="PASS" signature="TearDown(org.testng.ITestResult)[pri:0, instance:com.qa.testcases.ListPageTest@6500df86]" name="TearDown" is-config="true" duration-ms="0" started-at="2019-01-30T12:46:58Z" finished-at="2019-01-30T12:46:58Z">
          <params>
            <param index="0">
              <value>
                <![CDATA[[TestResult name=sharebutton status=SUCCESS method=ListPageTest.sharebutton()[pri:15, instance:com.qa.testcases.ListPageTest@6500df86] output={null}]]]>
              </value>
            </param>
          </params>
          <reporter-output>
          </reporter-output>
        </test-method> <!-- TearDown -->
      </class> <!-- com.qa.testcases.ListPageTest -->
    </test> <!-- Default test -->
  </suite> <!-- Default suite -->
</testng-results>
