<?xml version="1.0" encoding="UTF-8"?>
<testng-results skipped="0" failed="0" ignored="0" total="3" passed="3">
  <reporter-output>
  </reporter-output>
  <suite name="Default suite" duration-ms="344872" started-at="2019-01-22T12:52:34Z" finished-at="2019-01-22T12:58:19Z">
    <groups>
    </groups>
    <test name="Default test" duration-ms="344872" started-at="2019-01-22T12:52:34Z" finished-at="2019-01-22T12:58:19Z">
      <class name="com.qa.testcases.STPTesting">
        <test-method status="PASS" signature="setup()[pri:0, instance:com.qa.testcases.STPTesting@589838eb]" name="setup" is-config="true" duration-ms="14020" started-at="2019-01-22T12:52:34Z" finished-at="2019-01-22T12:52:48Z">
          <reporter-output>
          </reporter-output>
        </test-method> <!-- setup -->
        <test-method status="PASS" signature="startBrowser()[pri:0, instance:com.qa.testcases.STPTesting@589838eb]" name="startBrowser" is-config="true" duration-ms="1" started-at="2019-01-22T12:52:48Z" finished-at="2019-01-22T12:52:48Z">
          <reporter-output>
          </reporter-output>
        </test-method> <!-- startBrowser -->
        <test-method status="PASS" signature="HelpTextValidation()[pri:8, instance:com.qa.testcases.STPTesting@589838eb]" name="HelpTextValidation" duration-ms="53275" started-at="2019-01-22T12:52:48Z" finished-at="2019-01-22T12:53:41Z">
          <reporter-output>
          </reporter-output>
        </test-method> <!-- HelpTextValidation -->
        <test-method status="PASS" signature="closeBrowser()[pri:0, instance:com.qa.testcases.STPTesting@589838eb]" name="closeBrowser" is-config="true" duration-ms="1" started-at="2019-01-22T12:53:41Z" finished-at="2019-01-22T12:53:41Z">
          <reporter-output>
          </reporter-output>
        </test-method> <!-- closeBrowser -->
        <test-method status="PASS" signature="startBrowser()[pri:0, instance:com.qa.testcases.STPTesting@589838eb]" name="startBrowser" is-config="true" duration-ms="1" started-at="2019-01-22T12:53:41Z" finished-at="2019-01-22T12:53:41Z">
          <reporter-output>
          </reporter-output>
        </test-method> <!-- startBrowser -->
        <test-method status="PASS" signature="MandatoryFieldValidation()[pri:9, instance:com.qa.testcases.STPTesting@589838eb]" name="MandatoryFieldValidation" duration-ms="46885" started-at="2019-01-22T12:53:41Z" finished-at="2019-01-22T12:54:28Z">
          <reporter-output>
          </reporter-output>
        </test-method> <!-- MandatoryFieldValidation -->
        <test-method status="PASS" signature="closeBrowser()[pri:0, instance:com.qa.testcases.STPTesting@589838eb]" name="closeBrowser" is-config="true" duration-ms="0" started-at="2019-01-22T12:54:28Z" finished-at="2019-01-22T12:54:28Z">
          <reporter-output>
          </reporter-output>
        </test-method> <!-- closeBrowser -->
        <test-method status="PASS" signature="AllFieldValidation()[pri:10, instance:com.qa.testcases.STPTesting@589838eb]" name="AllFieldValidation" duration-ms="229055" started-at="2019-01-22T12:54:28Z" finished-at="2019-01-22T12:58:17Z">
          <reporter-output>
          </reporter-output>
        </test-method> <!-- AllFieldValidation -->
        <test-method status="PASS" signature="startBrowser()[pri:0, instance:com.qa.testcases.STPTesting@589838eb]" name="startBrowser" is-config="true" duration-ms="0" started-at="2019-01-22T12:54:28Z" finished-at="2019-01-22T12:54:28Z">
          <reporter-output>
          </reporter-output>
        </test-method> <!-- startBrowser -->
        <test-method status="PASS" signature="closeBrowser()[pri:0, instance:com.qa.testcases.STPTesting@589838eb]" name="closeBrowser" is-config="true" duration-ms="0" started-at="2019-01-22T12:58:17Z" finished-at="2019-01-22T12:58:17Z">
          <reporter-output>
          </reporter-output>
        </test-method> <!-- closeBrowser -->
        <test-method status="PASS" signature="closeReporter()[pri:0, instance:com.qa.testcases.STPTesting@589838eb]" name="closeReporter" is-config="true" duration-ms="1576" started-at="2019-01-22T12:58:17Z" finished-at="2019-01-22T12:58:19Z">
          <reporter-output>
          </reporter-output>
        </test-method> <!-- closeReporter -->
      </class> <!-- com.qa.testcases.STPTesting -->
    </test> <!-- Default test -->
  </suite> <!-- Default suite -->
</testng-results>
